{
  "RSpec": {
    "coverage": {
      "/Users/tannerdale/turing/1module/projects/battleship/spec/board_spec.rb": {
        "lines": [
          1,
          1,
          1,
          null,
          1,
          1,
          1,
          1,
          1,
          null,
          null,
          1,
          1,
          1,
          null,
          1,
          null,
          1,
          16,
          null,
          null,
          1,
          null,
          null,
          null,
          1,
          1,
          1,
          null,
          1,
          1,
          1,
          1,
          1,
          null,
          null,
          null,
          1,
          1,
          1,
          1,
          null,
          1,
          1,
          1,
          null,
          null,
          1,
          1,
          1,
          null,
          null,
          1,
          1,
          1,
          null,
          null,
          1,
          1,
          1,
          null,
          null,
          null,
          1,
          1,
          null,
          1,
          1,
          null,
          1,
          1,
          1,
          1,
          null,
          null,
          1,
          1,
          1,
          null,
          null,
          1,
          1,
          1,
          null,
          null,
          1,
          1,
          1,
          null,
          null,
          1,
          1,
          1,
          null,
          null,
          1,
          1,
          1,
          null,
          null,
          1,
          1,
          1,
          null,
          null,
          null
        ]
      },
      "/Users/tannerdale/turing/1module/projects/battleship/lib/board.rb": {
        "lines": [
          1,
          1,
          1,
          5,
          null,
          null,
          1,
          5,
          5,
          null,
          5,
          20,
          80,
          80,
          null,
          null,
          null,
          null,
          1,
          5,
          null,
          null,
          1,
          8,
          null,
          6,
          null,
          null,
          1,
          8,
          null,
          null,
          1,
          10,
          23,
          null,
          null,
          null,
          1,
          7,
          16,
          null,
          null,
          null,
          1,
          6,
          null,
          null,
          1,
          27,
          null,
          7,
          null,
          null,
          1,
          30,
          null,
          8,
          null,
          null
        ]
      },
      "/Users/tannerdale/turing/1module/projects/battleship/lib/ship.rb": {
        "lines": [
          1,
          1,
          null,
          1,
          11,
          11,
          11,
          null,
          null,
          1,
          8,
          null,
          null,
          1,
          11,
          null,
          null,
          1,
          4,
          null,
          null
        ]
      },
      "/Users/tannerdale/turing/1module/projects/battleship/lib/cell.rb": {
        "lines": [
          1,
          null,
          1,
          1,
          null,
          1,
          89,
          89,
          89,
          null,
          null,
          1,
          2,
          null,
          null,
          1,
          4,
          null,
          null,
          1,
          8,
          null,
          null,
          1,
          6,
          6,
          null,
          null,
          1,
          6,
          3,
          null,
          3,
          null,
          null,
          null
        ]
      },
      "/Users/tannerdale/turing/1module/projects/battleship/spec/cell_spec.rb": {
        "lines": [
          1,
          1,
          null,
          1,
          1,
          1,
          null,
          1,
          1,
          null,
          null,
          1,
          1,
          null,
          null,
          1,
          1,
          null,
          null,
          null,
          1,
          1,
          1,
          null,
          1,
          null,
          null,
          1,
          1,
          1,
          1,
          null,
          1,
          1,
          null,
          null,
          null,
          1,
          1,
          1,
          null,
          1,
          null,
          null,
          1,
          1,
          1,
          null,
          1,
          null,
          null,
          1,
          1,
          1,
          1,
          1,
          null,
          1,
          null,
          null,
          null,
          1,
          1,
          1,
          null,
          1,
          null,
          1,
          null,
          1,
          null,
          null,
          1,
          1,
          1,
          1,
          null,
          1,
          1,
          null,
          null,
          1,
          1,
          1,
          1,
          1,
          null,
          1,
          1,
          null,
          1,
          1,
          null,
          1,
          1,
          null,
          null,
          null
        ]
      },
      "/Users/tannerdale/turing/1module/projects/battleship/spec/ship_spec.rb": {
        "lines": [
          1,
          null,
          1,
          1,
          1,
          null,
          1,
          1,
          null,
          null,
          1,
          1,
          null,
          null,
          1,
          1,
          null,
          null,
          1,
          1,
          null,
          null,
          null,
          1,
          1,
          1,
          null,
          1,
          null,
          null,
          1,
          1,
          1,
          null,
          1,
          null,
          null,
          1,
          1,
          null,
          1,
          3,
          null,
          null,
          1,
          1,
          null,
          null,
          null,
          1,
          1,
          1,
          null,
          1,
          null,
          1,
          3,
          null,
          null,
          1,
          null,
          null,
          null
        ]
      }
    },
    "timestamp": 1626385025
  }
}
